<?xml version="1.0" encoding="UTF-8"?>
<coverage generated="1692745121588" clover="3.2.0">
  <project timestamp="1692745121588" name="All files">
    <metrics statements="7" coveredstatements="7" conditionals="4" coveredconditionals="4" methods="4" coveredmethods="4" elements="15" coveredelements="15" complexity="0" loc="7" ncloc="7" packages="1" files="1" classes="1"/>
    <file name="operations.js" path="C:\Users\Ibrahim Mammadov\Desktop\testing\05-mathematical operations\operations.js">
      <metrics statements="7" coveredstatements="7" conditionals="4" coveredconditionals="4" methods="4" coveredmethods="4"/>
      <line num="2" count="6" type="stmt"/>
      <line num="6" count="7" type="cond" truecount="4" falsecount="0"/>
      <line num="7" count="1" type="stmt"/>
      <line num="9" count="6" type="stmt"/>
      <line num="13" count="5" type="stmt"/>
      <line num="17" count="9" type="stmt"/>
      <line num="19" count="1" type="stmt"/>
    </file>
  </project>
</coverage>
