{"C:\\Users\\Ibrahim Mammadov\\Desktop\\testing\\01-mathematical operations\\operations.js": {"path":"C:\\Users\\Ibrahim Mammadov\\Desktop\\testing\\01-mathematical operations\\operations.js","statementMap":{"0":{"start":{"line":2,"column":4},"end":{"line":2,"column":22}},"1":{"start":{"line":6,"column":4},"end":{"line":8,"column":5}},"2":{"start":{"line":7,"column":8},"end":{"line":7,"column":19}},"3":{"start":{"line":9,"column":4},"end":{"line":9,"column":22}},"4":{"start":{"line":13,"column":8},"end":{"line":13,"column":24}},"5":{"start":{"line":17,"column":4},"end":{"line":17,"column":20}},"6":{"start":{"line":19,"column":0},"end":{"line":19,"column":47}}},"fnMap":{"0":{"name":"add","decl":{"start":{"line":1,"column":9},"end":{"line":1,"column":12}},"loc":{"start":{"line":1,"column":24},"end":{"line":3,"column":1}},"line":1},"1":{"name":"subtract","decl":{"start":{"line":5,"column":9},"end":{"line":5,"column":17}},"loc":{"start":{"line":5,"column":29},"end":{"line":10,"column":1}},"line":5},"2":{"name":"multiply","decl":{"start":{"line":12,"column":9},"end":{"line":12,"column":17}},"loc":{"start":{"line":12,"column":28},"end":{"line":14,"column":1}},"line":12},"3":{"name":"divide","decl":{"start":{"line":16,"column":9},"end":{"line":16,"column":15}},"loc":{"start":{"line":16,"column":26},"end":{"line":18,"column":1}},"line":16}},"branchMap":{"0":{"loc":{"start":{"line":6,"column":4},"end":{"line":8,"column":5}},"type":"if","locations":[{"start":{"line":6,"column":4},"end":{"line":8,"column":5}},{"start":{},"end":{}}],"line":6},"1":{"loc":{"start":{"line":6,"column":8},"end":{"line":6,"column":60}},"type":"binary-expr","locations":[{"start":{"line":6,"column":8},"end":{"line":6,"column":32}},{"start":{"line":6,"column":36},"end":{"line":6,"column":60}}],"line":6}},"s":{"0":6,"1":7,"2":1,"3":6,"4":5,"5":9,"6":1},"f":{"0":6,"1":7,"2":5,"3":9},"b":{"0":[1,6],"1":[7,7]},"_coverageSchema":"1a1c01bbd47fc00a2c39e90264f33305004495a9","hash":"d876708a9491a842519294070630aeb503ea472c"}
,"C:\\Users\\Ibrahim Mammadov\\Desktop\\testing\\02-reverseText\\reverseText.js": {"path":"C:\\Users\\Ibrahim Mammadov\\Desktop\\testing\\02-reverseText\\reverseText.js","statementMap":{"0":{"start":{"line":3,"column":18},"end":{"line":3,"column":20}},"1":{"start":{"line":5,"column":3},"end":{"line":13,"column":4}},"2":{"start":{"line":6,"column":4},"end":{"line":6,"column":10}},"3":{"start":{"line":10,"column":4},"end":{"line":12,"column":1}},"4":{"start":{"line":10,"column":16},"end":{"line":10,"column":17}},"5":{"start":{"line":11,"column":8},"end":{"line":11,"column":32}},"6":{"start":{"line":14,"column":4},"end":{"line":14,"column":27}},"7":{"start":{"line":17,"column":0},"end":{"line":17,"column":30}}},"fnMap":{"0":{"name":"reverseText","decl":{"start":{"line":2,"column":9},"end":{"line":2,"column":20}},"loc":{"start":{"line":2,"column":26},"end":{"line":15,"column":1}},"line":2}},"branchMap":{"0":{"loc":{"start":{"line":5,"column":3},"end":{"line":13,"column":4}},"type":"if","locations":[{"start":{"line":5,"column":3},"end":{"line":13,"column":4}},{"start":{"line":9,"column":7},"end":{"line":13,"column":4}}],"line":5}},"s":{"0":8,"1":8,"2":7,"3":1,"4":1,"5":10,"6":1,"7":1},"f":{"0":8},"b":{"0":[7,1]},"_coverageSchema":"1a1c01bbd47fc00a2c39e90264f33305004495a9","hash":"61346b20ed47f2d08ca671fd6b71635833bf4560"}
}
