{"C:\\Users\\Ibrahim Mammadov\\Desktop\\testing\\01-mathematical operations\\operations.js": {"path":"C:\\Users\\Ibrahim Mammadov\\Desktop\\testing\\01-mathematical operations\\operations.js","statementMap":{"0":{"start":{"line":2,"column":4},"end":{"line":2,"column":22}},"1":{"start":{"line":6,"column":4},"end":{"line":8,"column":5}},"2":{"start":{"line":7,"column":8},"end":{"line":7,"column":19}},"3":{"start":{"line":9,"column":4},"end":{"line":9,"column":22}},"4":{"start":{"line":13,"column":8},"end":{"line":13,"column":24}},"5":{"start":{"line":17,"column":4},"end":{"line":17,"column":20}},"6":{"start":{"line":19,"column":0},"end":{"line":19,"column":47}}},"fnMap":{"0":{"name":"add","decl":{"start":{"line":1,"column":9},"end":{"line":1,"column":12}},"loc":{"start":{"line":1,"column":24},"end":{"line":3,"column":1}},"line":1},"1":{"name":"subtract","decl":{"start":{"line":5,"column":9},"end":{"line":5,"column":17}},"loc":{"start":{"line":5,"column":29},"end":{"line":10,"column":1}},"line":5},"2":{"name":"multiply","decl":{"start":{"line":12,"column":9},"end":{"line":12,"column":17}},"loc":{"start":{"line":12,"column":28},"end":{"line":14,"column":1}},"line":12},"3":{"name":"divide","decl":{"start":{"line":16,"column":9},"end":{"line":16,"column":15}},"loc":{"start":{"line":16,"column":26},"end":{"line":18,"column":1}},"line":16}},"branchMap":{"0":{"loc":{"start":{"line":6,"column":4},"end":{"line":8,"column":5}},"type":"if","locations":[{"start":{"line":6,"column":4},"end":{"line":8,"column":5}},{"start":{},"end":{}}],"line":6},"1":{"loc":{"start":{"line":6,"column":8},"end":{"line":6,"column":60}},"type":"binary-expr","locations":[{"start":{"line":6,"column":8},"end":{"line":6,"column":32}},{"start":{"line":6,"column":36},"end":{"line":6,"column":60}}],"line":6}},"s":{"0":6,"1":7,"2":1,"3":6,"4":5,"5":9,"6":1},"f":{"0":6,"1":7,"2":5,"3":9},"b":{"0":[1,6],"1":[7,7]},"_coverageSchema":"1a1c01bbd47fc00a2c39e90264f33305004495a9","hash":"d876708a9491a842519294070630aeb503ea472c"}
,"C:\\Users\\Ibrahim Mammadov\\Desktop\\testing\\02-reverseText\\reverseText.js": {"path":"C:\\Users\\Ibrahim Mammadov\\Desktop\\testing\\02-reverseText\\reverseText.js","statementMap":{"0":{"start":{"line":3,"column":18},"end":{"line":3,"column":20}},"1":{"start":{"line":5,"column":3},"end":{"line":13,"column":4}},"2":{"start":{"line":6,"column":4},"end":{"line":6,"column":10}},"3":{"start":{"line":10,"column":4},"end":{"line":12,"column":1}},"4":{"start":{"line":10,"column":16},"end":{"line":10,"column":17}},"5":{"start":{"line":11,"column":8},"end":{"line":11,"column":32}},"6":{"start":{"line":14,"column":4},"end":{"line":14,"column":27}},"7":{"start":{"line":17,"column":0},"end":{"line":17,"column":30}}},"fnMap":{"0":{"name":"reverseText","decl":{"start":{"line":2,"column":9},"end":{"line":2,"column":20}},"loc":{"start":{"line":2,"column":26},"end":{"line":15,"column":1}},"line":2}},"branchMap":{"0":{"loc":{"start":{"line":5,"column":3},"end":{"line":13,"column":4}},"type":"if","locations":[{"start":{"line":5,"column":3},"end":{"line":13,"column":4}},{"start":{"line":9,"column":7},"end":{"line":13,"column":4}}],"line":5},"1":{"loc":{"start":{"line":5,"column":6},"end":{"line":5,"column":45}},"type":"binary-expr","locations":[{"start":{"line":5,"column":6},"end":{"line":5,"column":30}},{"start":{"line":5,"column":34},"end":{"line":5,"column":45}}],"line":5}},"s":{"0":9,"1":9,"2":8,"3":1,"4":1,"5":10,"6":1,"7":1},"f":{"0":9},"b":{"0":[8,1],"1":[9,2]},"_coverageSchema":"1a1c01bbd47fc00a2c39e90264f33305004495a9","hash":"c1473cced89be579e0db679bf55140c5809f2161"}
,"C:\\Users\\Ibrahim Mammadov\\Desktop\\testing\\03-filtering\\filtering.js": {"path":"C:\\Users\\Ibrahim Mammadov\\Desktop\\testing\\03-filtering\\filtering.js","statementMap":{"0":{"start":{"line":2,"column":20},"end":{"line":2,"column":22}},"1":{"start":{"line":4,"column":4},"end":{"line":12,"column":5}},"2":{"start":{"line":4,"column":17},"end":{"line":4,"column":18}},"3":{"start":{"line":5,"column":24},"end":{"line":5,"column":33}},"4":{"start":{"line":7,"column":8},"end":{"line":11,"column":9}},"5":{"start":{"line":8,"column":12},"end":{"line":8,"column":19}},"6":{"start":{"line":9,"column":15},"end":{"line":11,"column":9}},"7":{"start":{"line":10,"column":12},"end":{"line":10,"column":36}},"8":{"start":{"line":14,"column":4},"end":{"line":14,"column":21}},"9":{"start":{"line":17,"column":0},"end":{"line":17,"column":36}}},"fnMap":{"0":{"name":"getEvenNumbers","decl":{"start":{"line":1,"column":9},"end":{"line":1,"column":23}},"loc":{"start":{"line":1,"column":32},"end":{"line":15,"column":1}},"line":1}},"branchMap":{"0":{"loc":{"start":{"line":7,"column":8},"end":{"line":11,"column":9}},"type":"if","locations":[{"start":{"line":7,"column":8},"end":{"line":11,"column":9}},{"start":{"line":9,"column":15},"end":{"line":11,"column":9}}],"line":7},"1":{"loc":{"start":{"line":9,"column":15},"end":{"line":11,"column":9}},"type":"if","locations":[{"start":{"line":9,"column":15},"end":{"line":11,"column":9}},{"start":{},"end":{}}],"line":9}},"s":{"0":3,"1":3,"2":3,"3":8,"4":8,"5":1,"6":7,"7":3,"8":2,"9":1},"f":{"0":3},"b":{"0":[1,7],"1":[3,4]},"_coverageSchema":"1a1c01bbd47fc00a2c39e90264f33305004495a9","hash":"0de826aee7cefc4262d2d5c2c9a86c02a60f87dc"}
,"C:\\Users\\Ibrahim Mammadov\\Desktop\\testing\\04-validateEmail\\validateEmail.js": {"path":"C:\\Users\\Ibrahim Mammadov\\Desktop\\testing\\04-validateEmail\\validateEmail.js","statementMap":{"0":{"start":{"line":2,"column":18},"end":{"line":2,"column":65}},"1":{"start":{"line":3,"column":4},"end":{"line":3,"column":29}},"2":{"start":{"line":6,"column":0},"end":{"line":6,"column":33}}},"fnMap":{"0":{"name":"validateEmail","decl":{"start":{"line":1,"column":9},"end":{"line":1,"column":22}},"loc":{"start":{"line":1,"column":29},"end":{"line":4,"column":1}},"line":1}},"branchMap":{},"s":{"0":2,"1":2,"2":1},"f":{"0":2},"b":{},"_coverageSchema":"1a1c01bbd47fc00a2c39e90264f33305004495a9","hash":"86ccc0c68d6bed6b7c05f328c177c607e6d78c06"}
,"C:\\Users\\Ibrahim Mammadov\\Desktop\\testing\\05-DaysDifference\\DaysDifference.js": {"path":"C:\\Users\\Ibrahim Mammadov\\Desktop\\testing\\05-DaysDifference\\DaysDifference.js","statementMap":{"0":{"start":{"line":4,"column":27},"end":{"line":4,"column":40}},"1":{"start":{"line":5,"column":27},"end":{"line":5,"column":75}},"2":{"start":{"line":6,"column":4},"end":{"line":6,"column":32}},"3":{"start":{"line":7,"column":4},"end":{"line":7,"column":21}},"4":{"start":{"line":10,"column":0},"end":{"line":10,"column":36}}},"fnMap":{"0":{"name":"getDaysDifference","decl":{"start":{"line":3,"column":9},"end":{"line":3,"column":26}},"loc":{"start":{"line":3,"column":41},"end":{"line":8,"column":1}},"line":3}},"branchMap":{},"s":{"0":2,"1":2,"2":2,"3":2,"4":1},"f":{"0":2},"b":{},"_coverageSchema":"1a1c01bbd47fc00a2c39e90264f33305004495a9","hash":"63d4f7f77df96b13d4676b2e1f0638c9b1fcc3c6"}
,"C:\\Users\\Ibrahim Mammadov\\Desktop\\testing\\07-TriangleArea\\TriangleArea.js": {"path":"C:\\Users\\Ibrahim Mammadov\\Desktop\\testing\\07-TriangleArea\\TriangleArea.js","statementMap":{"0":{"start":{"line":2,"column":4},"end":{"line":4,"column":5}},"1":{"start":{"line":3,"column":6},"end":{"line":3,"column":13}},"2":{"start":{"line":5,"column":4},"end":{"line":13,"column":5}},"3":{"start":{"line":6,"column":6},"end":{"line":6,"column":13}},"4":{"start":{"line":8,"column":24},"end":{"line":8,"column":39}},"5":{"start":{"line":9,"column":19},"end":{"line":11,"column":7}},"6":{"start":{"line":12,"column":6},"end":{"line":12,"column":18}},"7":{"start":{"line":17,"column":0},"end":{"line":17,"column":31}}},"fnMap":{"0":{"name":"TriangleArea","decl":{"start":{"line":1,"column":9},"end":{"line":1,"column":21}},"loc":{"start":{"line":1,"column":31},"end":{"line":16,"column":3}},"line":1}},"branchMap":{"0":{"loc":{"start":{"line":2,"column":4},"end":{"line":4,"column":5}},"type":"if","locations":[{"start":{"line":2,"column":4},"end":{"line":4,"column":5}},{"start":{},"end":{}}],"line":2},"1":{"loc":{"start":{"line":2,"column":8},"end":{"line":2,"column":79}},"type":"binary-expr","locations":[{"start":{"line":2,"column":8},"end":{"line":2,"column":29}},{"start":{"line":2,"column":33},"end":{"line":2,"column":54}},{"start":{"line":2,"column":58},"end":{"line":2,"column":79}}],"line":2},"2":{"loc":{"start":{"line":5,"column":4},"end":{"line":13,"column":5}},"type":"if","locations":[{"start":{"line":5,"column":4},"end":{"line":13,"column":5}},{"start":{"line":7,"column":11},"end":{"line":13,"column":5}}],"line":5},"3":{"loc":{"start":{"line":5,"column":8},"end":{"line":5,"column":34}},"type":"binary-expr","locations":[{"start":{"line":5,"column":8},"end":{"line":5,"column":14}},{"start":{"line":5,"column":18},"end":{"line":5,"column":24}},{"start":{"line":5,"column":28},"end":{"line":5,"column":34}}],"line":5}},"s":{"0":4,"1":1,"2":3,"3":2,"4":1,"5":1,"6":1,"7":1},"f":{"0":4},"b":{"0":[1,3],"1":[4,3,3],"2":[2,1],"3":[3,1,1]},"_coverageSchema":"1a1c01bbd47fc00a2c39e90264f33305004495a9","hash":"f28633b0db6daf58d88c0197af58825e98d13771"}
}
